<?xml version="1.0" encoding="UTF-8"?>
<testsuite name="com.smartmobility.gada_api.GadaApiApplicationTests" tests="1" skipped="0" failures="0" errors="0" timestamp="2022-11-11T06:37:10" hostname="isangmin-ui-MacBookPro.local" time="0.29">
  <properties/>
  <testcase name="contextLoads()" classname="com.smartmobility.gada_api.GadaApiApplicationTests" time="0.29"/>
  <system-out><![CDATA[15:36:50.265 [Test worker] DEBUG org.springframework.test.context.BootstrapUtils - Instantiating CacheAwareContextLoaderDelegate from class [org.springframework.test.context.cache.DefaultCacheAwareContextLoaderDelegate]
15:36:50.299 [Test worker] DEBUG org.springframework.test.context.BootstrapUtils - Instantiating BootstrapContext using constructor [public org.springframework.test.context.support.DefaultBootstrapContext(java.lang.Class,org.springframework.test.context.CacheAwareContextLoaderDelegate)]
15:36:50.452 [Test worker] DEBUG org.springframework.test.context.BootstrapUtils - Instantiating TestContextBootstrapper for test class [com.smartmobility.gada_api.GadaApiApplicationTests] from class [org.springframework.boot.test.context.SpringBootTestContextBootstrapper]
15:36:50.474 [Test worker] INFO org.springframework.boot.test.context.SpringBootTestContextBootstrapper - Neither @ContextConfiguration nor @ContextHierarchy found for test class [com.smartmobility.gada_api.GadaApiApplicationTests], using SpringBootContextLoader
15:36:50.485 [Test worker] DEBUG org.springframework.test.context.support.AbstractContextLoader - Did not detect default resource location for test class [com.smartmobility.gada_api.GadaApiApplicationTests]: class path resource [com/smartmobility/gada_api/GadaApiApplicationTests-context.xml] does not exist
15:36:50.485 [Test worker] DEBUG org.springframework.test.context.support.AbstractContextLoader - Did not detect default resource location for test class [com.smartmobility.gada_api.GadaApiApplicationTests]: class path resource [com/smartmobility/gada_api/GadaApiApplicationTestsContext.groovy] does not exist
15:36:50.485 [Test worker] INFO org.springframework.test.context.support.AbstractContextLoader - Could not detect default resource locations for test class [com.smartmobility.gada_api.GadaApiApplicationTests]: no resource found for suffixes {-context.xml, Context.groovy}.
15:36:50.486 [Test worker] INFO org.springframework.test.context.support.AnnotationConfigContextLoaderUtils - Could not detect default configuration classes for test class [com.smartmobility.gada_api.GadaApiApplicationTests]: GadaApiApplicationTests does not declare any static, non-private, non-final, nested classes annotated with @Configuration.
15:36:50.656 [Test worker] DEBUG org.springframework.test.context.support.ActiveProfilesUtils - Could not find an 'annotation declaring class' for annotation type [org.springframework.test.context.ActiveProfiles] and class [com.smartmobility.gada_api.GadaApiApplicationTests]
15:36:51.058 [Test worker] DEBUG org.springframework.context.annotation.ClassPathScanningCandidateComponentProvider - Identified candidate component class: file [/Users/isangmin/IdeaProjects/gada_api/build/classes/java/main/com/smartmobility/gada_api/GadaApiApplication.class]
15:36:51.077 [Test worker] INFO org.springframework.boot.test.context.SpringBootTestContextBootstrapper - Found @SpringBootConfiguration com.smartmobility.gada_api.GadaApiApplication for test class com.smartmobility.gada_api.GadaApiApplicationTests
15:36:51.306 [Test worker] DEBUG org.springframework.boot.test.context.SpringBootTestContextBootstrapper - @TestExecutionListeners is not present for class [com.smartmobility.gada_api.GadaApiApplicationTests]: using defaults.
15:36:51.308 [Test worker] INFO org.springframework.boot.test.context.SpringBootTestContextBootstrapper - Loaded default TestExecutionListener class names from location [META-INF/spring.factories]: [org.springframework.security.test.context.support.WithSecurityContextTestExecutionListener, org.springframework.security.test.context.support.ReactorContextTestExecutionListener, org.springframework.boot.test.autoconfigure.restdocs.RestDocsTestExecutionListener, org.springframework.boot.test.autoconfigure.web.client.MockRestServiceServerResetTestExecutionListener, org.springframework.boot.test.autoconfigure.web.servlet.MockMvcPrintOnlyOnFailureTestExecutionListener, org.springframework.boot.test.autoconfigure.web.servlet.WebDriverTestExecutionListener, org.springframework.boot.test.autoconfigure.webservices.client.MockWebServiceServerTestExecutionListener, org.springframework.boot.test.mock.mockito.MockitoTestExecutionListener, org.springframework.boot.test.mock.mockito.ResetMocksTestExecutionListener, org.springframework.test.context.web.ServletTestExecutionListener, org.springframework.test.context.support.DirtiesContextBeforeModesTestExecutionListener, org.springframework.test.context.event.ApplicationEventsTestExecutionListener, org.springframework.test.context.support.DependencyInjectionTestExecutionListener, org.springframework.test.context.support.DirtiesContextTestExecutionListener, org.springframework.test.context.transaction.TransactionalTestExecutionListener, org.springframework.test.context.jdbc.SqlScriptsTestExecutionListener, org.springframework.test.context.event.EventPublishingTestExecutionListener]
15:36:51.345 [Test worker] INFO org.springframework.boot.test.context.SpringBootTestContextBootstrapper - Using TestExecutionListeners: [org.springframework.test.context.web.ServletTestExecutionListener@10230657, org.springframework.test.context.support.DirtiesContextBeforeModesTestExecutionListener@48a21ea6, org.springframework.test.context.event.ApplicationEventsTestExecutionListener@394e504d, org.springframework.boot.test.mock.mockito.MockitoTestExecutionListener@62ff14cd, org.springframework.boot.test.autoconfigure.SpringBootDependencyInjectionTestExecutionListener@6ae6a77b, org.springframework.test.context.support.DirtiesContextTestExecutionListener@32e9c3af, org.springframework.test.context.transaction.TransactionalTestExecutionListener@796e2187, org.springframework.test.context.jdbc.SqlScriptsTestExecutionListener@632d1b1b, org.springframework.security.test.context.support.WithSecurityContextTestExecutionListener@3c2fa57a, org.springframework.test.context.event.EventPublishingTestExecutionListener@4027edeb, org.springframework.security.test.context.support.ReactorContextTestExecutionListener@48cd8e71, org.springframework.boot.test.autoconfigure.restdocs.RestDocsTestExecutionListener@43b3b1b0, org.springframework.boot.test.autoconfigure.web.client.MockRestServiceServerResetTestExecutionListener@2f6d8c9, org.springframework.boot.test.autoconfigure.web.servlet.MockMvcPrintOnlyOnFailureTestExecutionListener@7d4135c9, org.springframework.boot.test.autoconfigure.web.servlet.WebDriverTestExecutionListener@59db8216, org.springframework.boot.test.autoconfigure.webservices.client.MockWebServiceServerTestExecutionListener@7bb86ac, org.springframework.boot.test.mock.mockito.ResetMocksTestExecutionListener@33bf2602]
15:36:51.350 [Test worker] DEBUG org.springframework.test.context.support.AbstractDirtiesContextTestExecutionListener - Before test class: context [DefaultTestContext@2dd46693 testClass = GadaApiApplicationTests, testInstance = [null], testMethod = [null], testException = [null], mergedContextConfiguration = [WebMergedContextConfiguration@27107a97 testClass = GadaApiApplicationTests, locations = '{}', classes = '{class com.smartmobility.gada_api.GadaApiApplication}', contextInitializerClasses = '[]', activeProfiles = '{}', propertySourceLocations = '{}', propertySourceProperties = '{org.springframework.boot.test.context.SpringBootTestContextBootstrapper=true}', contextCustomizers = set[org.springframework.boot.test.autoconfigure.actuate.metrics.MetricsExportContextCustomizerFactory$DisableMetricExportContextCustomizer@23c7cb18, org.springframework.boot.test.autoconfigure.properties.PropertyMappingContextCustomizer@0, org.springframework.boot.test.autoconfigure.web.servlet.WebDriverContextCustomizerFactory$Customizer@76a1146d, org.springframework.boot.test.context.filter.ExcludeFilterContextCustomizer@e4ca109, org.springframework.boot.test.json.DuplicateJsonObjectContextCustomizerFactory$DuplicateJsonObjectContextCustomizer@645dc557, org.springframework.boot.test.mock.mockito.MockitoContextCustomizer@0, org.springframework.boot.test.web.client.TestRestTemplateContextCustomizer@6d7b2319, org.springframework.boot.test.context.SpringBootTestArgs@1, org.springframework.boot.test.context.SpringBootTestWebEnvironment@7139bd31], resourceBasePath = 'src/main/webapp', contextLoader = 'org.springframework.boot.test.context.SpringBootContextLoader', parent = [null]], attributes = map['org.springframework.test.context.web.ServletTestExecutionListener.activateListener' -> true]], class annotated with @DirtiesContext [false] with mode [null].
15:36:51.460 [Test worker] DEBUG org.springframework.boot.ApplicationServletEnvironment - Activating profiles []
15:36:51.462 [Test worker] DEBUG org.springframework.test.context.support.TestPropertySourceUtils - Adding inlined properties to environment: {spring.jmx.enabled=false, org.springframework.boot.test.context.SpringBootTestContextBootstrapper=true}

  .   ____          _            __ _ _
 /\\ / ___'_ __ _ _(_)_ __  __ _ \ \ \ \
( ( )\___ | '_ | '_| | '_ \/ _` | \ \ \ \
 \\/  ___)| |_)| | | | | || (_| |  ) ) ) )
  '  |____| .__|_| |_|_| |_\__, | / / / /
 =========|_|==============|___/=/_/_/_/
?[32m :: Spring Boot :: ?[39m              ?[2m (v2.6.2)?[0;39m

?[2m2022-11-11 15:36:52.464?[0;39m ?[32m INFO?[0;39m ?[35m6957?[0;39m ?[2m---?[0;39m ?[2m[    Test worker]?[0;39m ?[36mc.s.gada_api.GadaApiApplicationTests    ?[0;39m ?[2m:?[0;39m Starting GadaApiApplicationTests using Java 11.0.11 on isangmin-ui-MacBookPro.local with PID 6957 (started by isangmin in /Users/isangmin/IdeaProjects/gada_api)
?[2m2022-11-11 15:36:52.468?[0;39m ?[32m INFO?[0;39m ?[35m6957?[0;39m ?[2m---?[0;39m ?[2m[    Test worker]?[0;39m ?[36mc.s.gada_api.GadaApiApplicationTests    ?[0;39m ?[2m:?[0;39m No active profile set, falling back to default profiles: default
?[2m2022-11-11 15:36:55.931?[0;39m ?[32m INFO?[0;39m ?[35m6957?[0;39m ?[2m---?[0;39m ?[2m[    Test worker]?[0;39m ?[36m.s.d.r.c.RepositoryConfigurationDelegate?[0;39m ?[2m:?[0;39m Bootstrapping Spring Data JPA repositories in DEFAULT mode.
?[2m2022-11-11 15:36:56.064?[0;39m ?[32m INFO?[0;39m ?[35m6957?[0;39m ?[2m---?[0;39m ?[2m[    Test worker]?[0;39m ?[36m.s.d.r.c.RepositoryConfigurationDelegate?[0;39m ?[2m:?[0;39m Finished Spring Data repository scanning in 118 ms. Found 6 JPA repository interfaces.
?[2m2022-11-11 15:36:56.668?[0;39m ?[33m WARN?[0;39m ?[35m6957?[0;39m ?[2m---?[0;39m ?[2m[    Test worker]?[0;39m ?[36mo.m.s.mapper.ClassPathMapperScanner     ?[0;39m ?[2m:?[0;39m Skipping MapperFactoryBean with name 'memberRepository' and 'com.smartmobility.gada_api.member.repository.MemberRepository' mapperInterface. Bean already defined with the same name!
?[2m2022-11-11 15:36:56.671?[0;39m ?[33m WARN?[0;39m ?[35m6957?[0;39m ?[2m---?[0;39m ?[2m[    Test worker]?[0;39m ?[36mo.m.s.mapper.ClassPathMapperScanner     ?[0;39m ?[2m:?[0;39m Skipping MapperFactoryBean with name 'storeDetailsImageRepository' and 'com.smartmobility.gada_api.store.repository.StoreDetailsImageRepository' mapperInterface. Bean already defined with the same name!
?[2m2022-11-11 15:36:56.675?[0;39m ?[33m WARN?[0;39m ?[35m6957?[0;39m ?[2m---?[0;39m ?[2m[    Test worker]?[0;39m ?[36mo.m.s.mapper.ClassPathMapperScanner     ?[0;39m ?[2m:?[0;39m Skipping MapperFactoryBean with name 'storeDetailsRepository' and 'com.smartmobility.gada_api.store.repository.StoreDetailsRepository' mapperInterface. Bean already defined with the same name!
?[2m2022-11-11 15:36:56.676?[0;39m ?[33m WARN?[0;39m ?[35m6957?[0;39m ?[2m---?[0;39m ?[2m[    Test worker]?[0;39m ?[36mo.m.s.mapper.ClassPathMapperScanner     ?[0;39m ?[2m:?[0;39m Skipping MapperFactoryBean with name 'storeRepository' and 'com.smartmobility.gada_api.store.repository.StoreRepository' mapperInterface. Bean already defined with the same name!
?[2m2022-11-11 15:36:56.679?[0;39m ?[33m WARN?[0;39m ?[35m6957?[0;39m ?[2m---?[0;39m ?[2m[    Test worker]?[0;39m ?[36mo.m.s.mapper.ClassPathMapperScanner     ?[0;39m ?[2m:?[0;39m Skipping MapperFactoryBean with name 'storeReviewImageRepository' and 'com.smartmobility.gada_api.store.repository.StoreReviewImageRepository' mapperInterface. Bean already defined with the same name!
?[2m2022-11-11 15:36:56.679?[0;39m ?[33m WARN?[0;39m ?[35m6957?[0;39m ?[2m---?[0;39m ?[2m[    Test worker]?[0;39m ?[36mo.m.s.mapper.ClassPathMapperScanner     ?[0;39m ?[2m:?[0;39m Skipping MapperFactoryBean with name 'storeReviewRepository' and 'com.smartmobility.gada_api.store.repository.StoreReviewRepository' mapperInterface. Bean already defined with the same name!
?[2m2022-11-11 15:36:57.199?[0;39m ?[32m INFO?[0;39m ?[35m6957?[0;39m ?[2m---?[0;39m ?[2m[    Test worker]?[0;39m ?[36mo.s.cloud.context.scope.GenericScope    ?[0;39m ?[2m:?[0;39m BeanFactory id=96efdcea-826a-3563-8b83-dc6c69c6796d
?[2m2022-11-11 15:36:58.550?[0;39m ?[32m INFO?[0;39m ?[35m6957?[0;39m ?[2m---?[0;39m ?[2m[    Test worker]?[0;39m ?[36mcom.zaxxer.hikari.HikariDataSource      ?[0;39m ?[2m:?[0;39m HikariPool-1 - Starting...
?[2m2022-11-11 15:36:59.584?[0;39m ?[32m INFO?[0;39m ?[35m6957?[0;39m ?[2m---?[0;39m ?[2m[    Test worker]?[0;39m ?[36mcom.zaxxer.hikari.HikariDataSource      ?[0;39m ?[2m:?[0;39m HikariPool-1 - Start completed.
?[2m2022-11-11 15:36:59.864?[0;39m ?[32m INFO?[0;39m ?[35m6957?[0;39m ?[2m---?[0;39m ?[2m[    Test worker]?[0;39m ?[36mo.hibernate.jpa.internal.util.LogHelper ?[0;39m ?[2m:?[0;39m HHH000204: Processing PersistenceUnitInfo [name: default]
?[2m2022-11-11 15:36:59.941?[0;39m ?[32m INFO?[0;39m ?[35m6957?[0;39m ?[2m---?[0;39m ?[2m[    Test worker]?[0;39m ?[36morg.hibernate.Version                   ?[0;39m ?[2m:?[0;39m HHH000412: Hibernate ORM core version 5.6.3.Final
?[2m2022-11-11 15:37:00.278?[0;39m ?[32m INFO?[0;39m ?[35m6957?[0;39m ?[2m---?[0;39m ?[2m[    Test worker]?[0;39m ?[36mo.hibernate.annotations.common.Version  ?[0;39m ?[2m:?[0;39m HCANN000001: Hibernate Commons Annotations {5.1.2.Final}
?[2m2022-11-11 15:37:00.456?[0;39m ?[32m INFO?[0;39m ?[35m6957?[0;39m ?[2m---?[0;39m ?[2m[    Test worker]?[0;39m ?[36morg.hibernate.dialect.Dialect           ?[0;39m ?[2m:?[0;39m HHH000400: Using dialect: org.hibernate.dialect.MySQL5InnoDBDialect
?[2m2022-11-11 15:37:01.227?[0;39m ?[32m INFO?[0;39m ?[35m6957?[0;39m ?[2m---?[0;39m ?[2m[    Test worker]?[0;39m ?[36morg.hibernate.tuple.PojoInstantiator    ?[0;39m ?[2m:?[0;39m HHH000182: No default (no-argument) constructor for class: com.smartmobility.gada_api.store.domain.StoreDetails (class must be instantiated by Interceptor)
?[2m2022-11-11 15:37:01.784?[0;39m ?[32m INFO?[0;39m ?[35m6957?[0;39m ?[2m---?[0;39m ?[2m[    Test worker]?[0;39m ?[36morg.hibernate.tuple.PojoInstantiator    ?[0;39m ?[2m:?[0;39m HHH000182: No default (no-argument) constructor for class: com.smartmobility.gada_api.store.domain.StoreDetailsImage (class must be instantiated by Interceptor)
?[2m2022-11-11 15:37:01.983?[0;39m ?[32m INFO?[0;39m ?[35m6957?[0;39m ?[2m---?[0;39m ?[2m[    Test worker]?[0;39m ?[36mo.h.e.t.j.p.i.JtaPlatformInitiator      ?[0;39m ?[2m:?[0;39m HHH000490: Using JtaPlatform implementation: [org.hibernate.engine.transaction.jta.platform.internal.NoJtaPlatform]
?[2m2022-11-11 15:37:02.000?[0;39m ?[32m INFO?[0;39m ?[35m6957?[0;39m ?[2m---?[0;39m ?[2m[    Test worker]?[0;39m ?[36mj.LocalContainerEntityManagerFactoryBean?[0;39m ?[2m:?[0;39m Initialized JPA EntityManagerFactory for persistence unit 'default'
?[2m2022-11-11 15:37:07.548?[0;39m ?[32m INFO?[0;39m ?[35m6957?[0;39m ?[2m---?[0;39m ?[2m[    Test worker]?[0;39m ?[36mo.s.s.web.DefaultSecurityFilterChain    ?[0;39m ?[2m:?[0;39m Will secure any request with [org.springframework.security.web.context.request.async.WebAsyncManagerIntegrationFilter@58c61cc9, org.springframework.security.web.context.SecurityContextPersistenceFilter@3125719e, org.springframework.security.web.header.HeaderWriterFilter@485c6af9, org.springframework.security.web.authentication.logout.LogoutFilter@5b4ec408, com.smartmobility.gada_api.config.JwtAuthenticationFilter@1e024a08, org.springframework.security.web.savedrequest.RequestCacheAwareFilter@5accc251, org.springframework.security.web.servletapi.SecurityContextHolderAwareRequestFilter@1eff003a, org.springframework.security.web.authentication.AnonymousAuthenticationFilter@4ca1dea7, org.springframework.security.web.session.SessionManagementFilter@38982bfd, org.springframework.security.web.access.ExceptionTranslationFilter@6f3b7fc1, org.springframework.security.web.access.intercept.FilterSecurityInterceptor@503716f1]
?[2m2022-11-11 15:37:09.426?[0;39m ?[33m WARN?[0;39m ?[35m6957?[0;39m ?[2m---?[0;39m ?[2m[    Test worker]?[0;39m ?[36md.s.r.o.OperationImplicitParameterReader?[0;39m ?[2m:?[0;39m Unable to interpret the implicit parameter configuration with dataType: , dataTypeClass: class java.lang.Void
?[2m2022-11-11 15:37:09.432?[0;39m ?[33m WARN?[0;39m ?[35m6957?[0;39m ?[2m---?[0;39m ?[2m[    Test worker]?[0;39m ?[36md.s.r.o.OperationImplicitParameterReader?[0;39m ?[2m:?[0;39m Unable to interpret the implicit parameter configuration with dataType: , dataTypeClass: class java.lang.Void
?[2m2022-11-11 15:37:09.526?[0;39m ?[33m WARN?[0;39m ?[35m6957?[0;39m ?[2m---?[0;39m ?[2m[    Test worker]?[0;39m ?[36md.s.r.o.OperationImplicitParameterReader?[0;39m ?[2m:?[0;39m Unable to interpret the implicit parameter configuration with dataType: , dataTypeClass: class java.lang.Void
?[2m2022-11-11 15:37:09.552?[0;39m ?[33m WARN?[0;39m ?[35m6957?[0;39m ?[2m---?[0;39m ?[2m[    Test worker]?[0;39m ?[36md.s.r.o.OperationImplicitParameterReader?[0;39m ?[2m:?[0;39m Unable to interpret the implicit parameter configuration with dataType: , dataTypeClass: class java.lang.Void
?[2m2022-11-11 15:37:09.572?[0;39m ?[33m WARN?[0;39m ?[35m6957?[0;39m ?[2m---?[0;39m ?[2m[    Test worker]?[0;39m ?[36md.s.r.o.OperationImplicitParameterReader?[0;39m ?[2m:?[0;39m Unable to interpret the implicit parameter configuration with dataType: , dataTypeClass: class java.lang.Void
?[2m2022-11-11 15:37:09.627?[0;39m ?[33m WARN?[0;39m ?[35m6957?[0;39m ?[2m---?[0;39m ?[2m[    Test worker]?[0;39m ?[36md.s.r.o.OperationImplicitParameterReader?[0;39m ?[2m:?[0;39m Unable to interpret the implicit parameter configuration with dataType: , dataTypeClass: class java.lang.Void
?[2m2022-11-11 15:37:09.695?[0;39m ?[33m WARN?[0;39m ?[35m6957?[0;39m ?[2m---?[0;39m ?[2m[    Test worker]?[0;39m ?[36md.s.r.o.OperationImplicitParameterReader?[0;39m ?[2m:?[0;39m Unable to interpret the implicit parameter configuration with dataType: , dataTypeClass: class java.lang.Void
?[2m2022-11-11 15:37:09.726?[0;39m ?[33m WARN?[0;39m ?[35m6957?[0;39m ?[2m---?[0;39m ?[2m[    Test worker]?[0;39m ?[36md.s.r.o.OperationImplicitParameterReader?[0;39m ?[2m:?[0;39m Unable to interpret the implicit parameter configuration with dataType: , dataTypeClass: class java.lang.Void
?[2m2022-11-11 15:37:10.007?[0;39m ?[33m WARN?[0;39m ?[35m6957?[0;39m ?[2m---?[0;39m ?[2m[    Test worker]?[0;39m ?[36md.s.r.o.OperationImplicitParameterReader?[0;39m ?[2m:?[0;39m Unable to interpret the implicit parameter configuration with dataType: , dataTypeClass: class java.lang.Void
?[2m2022-11-11 15:37:10.011?[0;39m ?[33m WARN?[0;39m ?[35m6957?[0;39m ?[2m---?[0;39m ?[2m[    Test worker]?[0;39m ?[36md.s.r.o.OperationImplicitParameterReader?[0;39m ?[2m:?[0;39m Unable to interpret the implicit parameter configuration with dataType: , dataTypeClass: class java.lang.Void
?[2m2022-11-11 15:37:10.081?[0;39m ?[33m WARN?[0;39m ?[35m6957?[0;39m ?[2m---?[0;39m ?[2m[    Test worker]?[0;39m ?[36md.s.r.o.OperationImplicitParameterReader?[0;39m ?[2m:?[0;39m Unable to interpret the implicit parameter configuration with dataType: , dataTypeClass: class java.lang.Void
?[2m2022-11-11 15:37:10.082?[0;39m ?[33m WARN?[0;39m ?[35m6957?[0;39m ?[2m---?[0;39m ?[2m[    Test worker]?[0;39m ?[36md.s.r.o.OperationImplicitParameterReader?[0;39m ?[2m:?[0;39m Unable to interpret the implicit parameter configuration with dataType: , dataTypeClass: class java.lang.Void
?[2m2022-11-11 15:37:10.082?[0;39m ?[33m WARN?[0;39m ?[35m6957?[0;39m ?[2m---?[0;39m ?[2m[    Test worker]?[0;39m ?[36md.s.r.o.OperationImplicitParameterReader?[0;39m ?[2m:?[0;39m Unable to interpret the implicit parameter configuration with dataType: , dataTypeClass: class java.lang.Void
?[2m2022-11-11 15:37:10.100?[0;39m ?[33m WARN?[0;39m ?[35m6957?[0;39m ?[2m---?[0;39m ?[2m[    Test worker]?[0;39m ?[36md.s.r.o.OperationImplicitParameterReader?[0;39m ?[2m:?[0;39m Unable to interpret the implicit parameter configuration with dataType: , dataTypeClass: class java.lang.Void
?[2m2022-11-11 15:37:10.111?[0;39m ?[33m WARN?[0;39m ?[35m6957?[0;39m ?[2m---?[0;39m ?[2m[    Test worker]?[0;39m ?[36md.s.r.o.OperationImplicitParameterReader?[0;39m ?[2m:?[0;39m Unable to interpret the implicit parameter configuration with dataType: , dataTypeClass: class java.lang.Void
?[2m2022-11-11 15:37:10.223?[0;39m ?[32m INFO?[0;39m ?[35m6957?[0;39m ?[2m---?[0;39m ?[2m[    Test worker]?[0;39m ?[36mc.s.gada_api.GadaApiApplicationTests    ?[0;39m ?[2m:?[0;39m Started GadaApiApplicationTests in 18.765 seconds (JVM running for 22.34)
]]></system-out>
  <system-err><![CDATA[]]></system-err>
</testsuite>
